<?xml version="1.0" encoding="UTF-8"?>
<!-- Generated by org.testng.reporters.JUnitReportReporter -->
<testsuite skipped="0" hostname="Rev-PF1JT47A" name="com.revature.tests.sl.PersonServiceTests" tests="2" failures="0" timestamp="2022-04-26T10:49:10 EDT" time="0.000" errors="0">
  <testcase name="noDerek" time="0.000" classname="com.revature.tests.sl.PersonServiceTests"/>
  <system-out/>
  <testcase name="personNotFound" time="0.000" classname="com.revature.tests.sl.PersonServiceTests"/>
  <system-out/>
</testsuite> <!-- com.revature.tests.sl.PersonServiceTests -->
